<?xml version="1.0" encoding="UTF-8"?>
<testsuite xmlns:xsi="http://www.w3.org/2001/XMLSchema-instance" xsi:noNamespaceSchemaLocation="https://maven.apache.org/surefire/maven-surefire-plugin/xsd/surefire-test-report-3.0.xsd" version="3.0" name="com.example.AppTest" time="0.008" tests="1" errors="0" skipped="0" failures="0">
  <properties>
    <property name="java.specification.version" value="22"/>
    <property name="sun.jnu.encoding" value="UTF-8"/>
    <property name="java.class.path" value="/Users/davidskocic/Programming/gymworld/rainbow_boys/javafx-app/target/test-classes:/Users/davidskocic/Programming/gymworld/rainbow_boys/javafx-app/target/classes:/Users/davidskocic/.m2/repository/junit/junit/3.8.1/junit-3.8.1.jar:/Users/davidskocic/.m2/repository/com/itextpdf/itextpdf/5.5.13.4/itextpdf-5.5.13.4.jar:/Users/davidskocic/.m2/repository/org/openjfx/javafx-controls/22/javafx-controls-22.jar:/Users/davidskocic/.m2/repository/org/openjfx/javafx-controls/22/javafx-controls-22-mac-aarch64.jar:/Users/davidskocic/.m2/repository/org/openjfx/javafx-fxml/22/javafx-fxml-22.jar:/Users/davidskocic/.m2/repository/org/openjfx/javafx-fxml/22/javafx-fxml-22-mac-aarch64.jar:/Users/davidskocic/.m2/repository/org/openjfx/javafx-graphics/22/javafx-graphics-22.jar:/Users/davidskocic/.m2/repository/org/openjfx/javafx-graphics/22/javafx-graphics-22-mac-aarch64.jar:/Users/davidskocic/.m2/repository/org/openjfx/javafx-base/22/javafx-base-22.jar:/Users/davidskocic/.m2/repository/org/openjfx/javafx-base/22/javafx-base-22-mac-aarch64.jar:/Users/davidskocic/.m2/repository/org/postgresql/postgresql/42.7.4/postgresql-42.7.4.jar:/Users/davidskocic/.m2/repository/org/checkerframework/checker-qual/3.42.0/checker-qual-3.42.0.jar:"/>
    <property name="java.vm.vendor" value="Oracle Corporation"/>
    <property name="sun.arch.data.model" value="64"/>
    <property name="java.vendor.url" value="https://java.oracle.com/"/>
    <property name="os.name" value="Mac OS X"/>
    <property name="java.vm.specification.version" value="22"/>
    <property name="sun.java.launcher" value="SUN_STANDARD"/>
    <property name="user.country" value="US"/>
    <property name="sun.boot.library.path" value="/Library/Java/JavaVirtualMachines/jdk-22.jdk/Contents/Home/lib"/>
    <property name="sun.java.command" value="/Users/davidskocic/Programming/gymworld/rainbow_boys/javafx-app/target/surefire/surefirebooter-20250205145759249_3.jar /Users/davidskocic/Programming/gymworld/rainbow_boys/javafx-app/target/surefire 2025-02-05T14-57-59_220-jvmRun1 surefire-20250205145759249_1tmp surefire_0-20250205145759249_2tmp"/>
    <property name="http.nonProxyHosts" value="local|*.local|169.254/16|*.169.254/16"/>
    <property name="jdk.debug" value="release"/>
    <property name="surefire.test.class.path" value="/Users/davidskocic/Programming/gymworld/rainbow_boys/javafx-app/target/test-classes:/Users/davidskocic/Programming/gymworld/rainbow_boys/javafx-app/target/classes:/Users/davidskocic/.m2/repository/junit/junit/3.8.1/junit-3.8.1.jar:/Users/davidskocic/.m2/repository/com/itextpdf/itextpdf/5.5.13.4/itextpdf-5.5.13.4.jar:/Users/davidskocic/.m2/repository/org/openjfx/javafx-controls/22/javafx-controls-22.jar:/Users/davidskocic/.m2/repository/org/openjfx/javafx-controls/22/javafx-controls-22-mac-aarch64.jar:/Users/davidskocic/.m2/repository/org/openjfx/javafx-fxml/22/javafx-fxml-22.jar:/Users/davidskocic/.m2/repository/org/openjfx/javafx-fxml/22/javafx-fxml-22-mac-aarch64.jar:/Users/davidskocic/.m2/repository/org/openjfx/javafx-graphics/22/javafx-graphics-22.jar:/Users/davidskocic/.m2/repository/org/openjfx/javafx-graphics/22/javafx-graphics-22-mac-aarch64.jar:/Users/davidskocic/.m2/repository/org/openjfx/javafx-base/22/javafx-base-22.jar:/Users/davidskocic/.m2/repository/org/openjfx/javafx-base/22/javafx-base-22-mac-aarch64.jar:/Users/davidskocic/.m2/repository/org/postgresql/postgresql/42.7.4/postgresql-42.7.4.jar:/Users/davidskocic/.m2/repository/org/checkerframework/checker-qual/3.42.0/checker-qual-3.42.0.jar:"/>
    <property name="sun.cpu.endian" value="little"/>
    <property name="user.home" value="/Users/davidskocic"/>
    <property name="user.language" value="en"/>
    <property name="java.specification.vendor" value="Oracle Corporation"/>
    <property name="java.version.date" value="2024-07-16"/>
    <property name="java.home" value="/Library/Java/JavaVirtualMachines/jdk-22.jdk/Contents/Home"/>
    <property name="file.separator" value="/"/>
    <property name="basedir" value="/Users/davidskocic/Programming/gymworld/rainbow_boys/javafx-app"/>
    <property name="java.vm.compressedOopsMode" value="Zero based"/>
    <property name="line.separator" value="&#10;"/>
    <property name="java.vm.specification.vendor" value="Oracle Corporation"/>
    <property name="java.specification.name" value="Java Platform API Specification"/>
    <property name="apple.awt.application.name" value="ForkedBooter"/>
    <property name="surefire.real.class.path" value="/Users/davidskocic/Programming/gymworld/rainbow_boys/javafx-app/target/surefire/surefirebooter-20250205145759249_3.jar"/>
    <property name="sun.management.compiler" value="HotSpot 64-Bit Tiered Compilers"/>
    <property name="ftp.nonProxyHosts" value="local|*.local|169.254/16|*.169.254/16"/>
    <property name="java.runtime.version" value="22.0.2+9-70"/>
    <property name="user.name" value="davidskocic"/>
    <property name="stdout.encoding" value="UTF-8"/>
    <property name="path.separator" value=":"/>
    <property name="os.version" value="14.5"/>
    <property name="java.runtime.name" value="Java(TM) SE Runtime Environment"/>
    <property name="file.encoding" value="UTF-8"/>
    <property name="java.vm.name" value="Java HotSpot(TM) 64-Bit Server VM"/>
    <property name="localRepository" value="/Users/davidskocic/.m2/repository"/>
    <property name="java.vendor.url.bug" value="https://bugreport.java.com/bugreport/"/>
    <property name="java.io.tmpdir" value="/var/folders/0c/t5nvvhl5335fnvns2qt3n9_h0000gn/T/"/>
    <property name="java.version" value="22.0.2"/>
    <property name="user.dir" value="/Users/davidskocic/Programming/gymworld/rainbow_boys/javafx-app"/>
    <property name="os.arch" value="aarch64"/>
    <property name="java.vm.specification.name" value="Java Virtual Machine Specification"/>
    <property name="native.encoding" value="UTF-8"/>
    <property name="java.library.path" value="/Users/davidskocic/Library/Java/Extensions:/Library/Java/Extensions:/Network/Library/Java/Extensions:/System/Library/Java/Extensions:/usr/lib/java:."/>
    <property name="java.vm.info" value="mixed mode, sharing"/>
    <property name="stderr.encoding" value="UTF-8"/>
    <property name="java.vendor" value="Oracle Corporation"/>
    <property name="java.vm.version" value="22.0.2+9-70"/>
    <property name="sun.io.unicode.encoding" value="UnicodeBig"/>
    <property name="socksNonProxyHosts" value="local|*.local|169.254/16|*.169.254/16"/>
    <property name="java.class.version" value="66.0"/>
  </properties>
  <testcase name="testApp" classname="com.example.AppTest" time="0.001"/>
</testsuite>